# JRE version: OpenJDK Runtime Environment (23.0.1+11) (build 23.0.1+11-39)
# Java VM: OpenJDK 64-Bit Server VM (23.0.1+11-39, mixed mode, emulated-client, sharing, tiered, compressed oops, compressed class ptrs, g1 gc, windows-amd64)
GC Precious Log:
 CardTable entry size: 512
 Card Set container configuration: InlinePtr #cards 5 size 8 Array Of Cards #cards 10 size 36 Howl #buckets 4 coarsen threshold 1843 Howl Bitmap #cards 512 size 80 coarsen threshold 460 Card regions per heap region 1 cards per card region 2048
 CPUs: 4 total, 4 available
 Memory: 7894M
 Large Page Support: Disabled
 NUMA Support: Disabled
 Compressed Oops: Enabled (32-bit)
 Heap Region Size: 1M
 Heap Min Capacity: 8M
 Heap Initial Capacity: 124M
 Heap Max Capacity: 1974M
 Pre-touch: Disabled
 Parallel Workers: 4
 Concurrent Workers: 1
 Concurrent Refinement Workers: 4
 Periodic GC: Disabled
Heap:
 garbage-first heap   total reserved 2021376K, committed 329728K, used 138752K [0x0000000084a00000, 0x0000000100000000)
  region size 1024K, 6 young (6144K), 6 survivors (6144K)
 Metaspace       used 96271K, committed 97088K, reserved 1179648K
  class space    used 14314K, committed 14656K, reserved 1048576K
GC Heap History (20 events):
Event: 57.096 GC heap after
{Heap after GC invocations=45 (full 0):
 garbage-first heap   total reserved 2021376K, committed 198656K, used 73351K [0x0000000084a00000, 0x0000000100000000)
  region size 1024K, 14 young (14336K), 14 survivors (14336K)
 Metaspace       used 94643K, committed 95360K, reserved 1179648K
  class space    used 14090K, committed 14400K, reserved 1048576K
}
Event: 57.479 GC heap before
{Heap before GC invocations=45 (full 0):
 garbage-first heap   total reserved 2021376K, committed 198656K, used 148103K [0x0000000084a00000, 0x0000000100000000)
  region size 1024K, 86 young (88064K), 14 survivors (14336K)
 Metaspace       used 94643K, committed 95360K, reserved 1179648K
  class space    used 14090K, committed 14400K, reserved 1048576K
}
Event: 57.517 GC heap after
{Heap after GC invocations=46 (full 0):
 garbage-first heap   total reserved 2021376K, committed 198656K, used 86016K [0x0000000084a00000, 0x0000000100000000)
  region size 1024K, 11 young (11264K), 11 survivors (11264K)
 Metaspace       used 94643K, committed 95360K, reserved 1179648K
  class space    used 14090K, committed 14400K, reserved 1048576K
}
Event: 57.968 GC heap before
{Heap before GC invocations=46 (full 0):
 garbage-first heap   total reserved 2021376K, committed 198656K, used 155648K [0x0000000084a00000, 0x0000000100000000)
  region size 1024K, 79 young (80896K), 11 survivors (11264K)
 Metaspace       used 94645K, committed 95424K, reserved 1179648K
  class space    used 14090K, committed 14400K, reserved 1048576K
}
Event: 57.998 GC heap after
{Heap after GC invocations=47 (full 0):
 garbage-first heap   total reserved 2021376K, committed 198656K, used 102400K [0x0000000084a00000, 0x0000000100000000)
  region size 1024K, 10 young (10240K), 10 survivors (10240K)
 Metaspace       used 94645K, committed 95424K, reserved 1179648K
  class space    used 14090K, committed 14400K, reserved 1048576K
}
Event: 58.632 GC heap before
{Heap before GC invocations=48 (full 0):
 garbage-first heap   total reserved 2021376K, committed 198656K, used 165888K [0x0000000084a00000, 0x0000000100000000)
  region size 1024K, 70 young (71680K), 10 survivors (10240K)
 Metaspace       used 94645K, committed 95424K, reserved 1179648K
  class space    used 14090K, committed 14400K, reserved 1048576K
}
Event: 58.661 GC heap after
{Heap after GC invocations=49 (full 0):
 garbage-first heap   total reserved 2021376K, committed 199680K, used 128000K [0x0000000084a00000, 0x0000000100000000)
  region size 1024K, 9 young (9216K), 9 survivors (9216K)
 Metaspace       used 94645K, committed 95424K, reserved 1179648K
  class space    used 14090K, committed 14400K, reserved 1048576K
}
Event: 58.782 GC heap before
{Heap before GC invocations=49 (full 0):
 garbage-first heap   total reserved 2021376K, committed 199680K, used 168960K [0x0000000084a00000, 0x0000000100000000)
  region size 1024K, 49 young (50176K), 9 survivors (9216K)
 Metaspace       used 94645K, committed 95424K, reserved 1179648K
  class space    used 14090K, committed 14400K, reserved 1048576K
}
Event: 58.806 GC heap after
{Heap after GC invocations=50 (full 0):
 garbage-first heap   total reserved 2021376K, committed 329728K, used 140800K [0x0000000084a00000, 0x0000000100000000)
  region size 1024K, 7 young (7168K), 7 survivors (7168K)
 Metaspace       used 94645K, committed 95424K, reserved 1179648K
  class space    used 14090K, committed 14400K, reserved 1048576K
}
Event: 59.228 GC heap before
{Heap before GC invocations=50 (full 0):
 garbage-first heap   total reserved 2021376K, committed 329728K, used 245248K [0x0000000084a00000, 0x0000000100000000)
  region size 1024K, 108 young (110592K), 7 survivors (7168K)
 Metaspace       used 94669K, committed 95424K, reserved 1179648K
  class space    used 14096K, committed 14400K, reserved 1048576K
}
Event: 59.261 GC heap after
{Heap after GC invocations=51 (full 0):
 garbage-first heap   total reserved 2021376K, committed 329728K, used 164352K [0x0000000084a00000, 0x0000000100000000)
  region size 1024K, 14 young (14336K), 14 survivors (14336K)
 Metaspace       used 94669K, committed 95424K, reserved 1179648K
  class space    used 14096K, committed 14400K, reserved 1048576K
}
Event: 59.938 GC heap before
{Heap before GC invocations=51 (full 0):
 garbage-first heap   total reserved 2021376K, committed 329728K, used 256512K [0x0000000084a00000, 0x0000000100000000)
  region size 1024K, 104 young (106496K), 14 survivors (14336K)
 Metaspace       used 95221K, committed 96000K, reserved 1179648K
  class space    used 14214K, committed 14528K, reserved 1048576K
}
Event: 59.953 GC heap after
{Heap after GC invocations=52 (full 0):
 garbage-first heap   total reserved 2021376K, committed 329728K, used 168448K [0x0000000084a00000, 0x0000000100000000)
  region size 1024K, 3 young (3072K), 3 survivors (3072K)
 Metaspace       used 95221K, committed 96000K, reserved 1179648K
  class space    used 14214K, committed 14528K, reserved 1048576K
}
Event: 60.600 GC heap before
{Heap before GC invocations=52 (full 0):
 garbage-first heap   total reserved 2021376K, committed 329728K, used 265728K [0x0000000084a00000, 0x0000000100000000)
  region size 1024K, 98 young (100352K), 3 survivors (3072K)
 Metaspace       used 95520K, committed 96320K, reserved 1179648K
  class space    used 14239K, committed 14592K, reserved 1048576K
}
Event: 60.604 GC heap after
{Heap after GC invocations=53 (full 0):
 garbage-first heap   total reserved 2021376K, committed 329728K, used 169174K [0x0000000084a00000, 0x0000000100000000)
  region size 1024K, 4 young (4096K), 4 survivors (4096K)
 Metaspace       used 95520K, committed 96320K, reserved 1179648K
  class space    used 14239K, committed 14592K, reserved 1048576K
}
Event: 61.449 GC heap before
{Heap before GC invocations=54 (full 0):
 garbage-first heap   total reserved 2021376K, committed 329728K, used 218326K [0x0000000084a00000, 0x0000000100000000)
  region size 1024K, 107 young (109568K), 4 survivors (4096K)
 Metaspace       used 96252K, committed 97088K, reserved 1179648K
  class space    used 14310K, committed 14656K, reserved 1048576K
}
Event: 61.468 GC heap after
{Heap after GC invocations=55 (full 0):
 garbage-first heap   total reserved 2021376K, committed 329728K, used 124629K [0x0000000084a00000, 0x0000000100000000)
  region size 1024K, 14 young (14336K), 14 survivors (14336K)
 Metaspace       used 96252K, committed 97088K, reserved 1179648K
  class space    used 14310K, committed 14656K, reserved 1048576K
}
Event: 61.854 GC heap before
{Heap before GC invocations=55 (full 0):
 garbage-first heap   total reserved 2021376K, committed 329728K, used 265941K [0x0000000084a00000, 0x0000000100000000)
  region size 1024K, 149 young (152576K), 14 survivors (14336K)
 Metaspace       used 96253K, committed 97088K, reserved 1179648K
  class space    used 14310K, committed 14656K, reserved 1048576K
}
Event: 61.892 GC heap after
{Heap after GC invocations=56 (full 0):
 garbage-first heap   total reserved 2021376K, committed 329728K, used 133120K [0x0000000084a00000, 0x0000000100000000)
  region size 1024K, 19 young (19456K), 19 survivors (19456K)
 Metaspace       used 96253K, committed 97088K, reserved 1179648K
  class space    used 14310K, committed 14656K, reserved 1048576K
}
Event: 62.310 GC heap before
{Heap before GC invocations=56 (full 0):
 garbage-first heap   total reserved 2021376K, committed 329728K, used 249856K [0x0000000084a00000, 0x0000000100000000)
  region size 1024K, 133 young (136192K), 19 survivors (19456K)
 Metaspace       used 96271K, committed 97088K, reserved 1179648K
  class space    used 14314K, committed 14656K, reserved 1048576K
}

